d:\z_devtemp\unionplayer\build\_deps\libharu-build\src\hpdf.dir\release\hpdf_ext_gstate.obj
d:\z_devtemp\unionplayer\build\_deps\libharu-build\src\hpdf.dir\release\hpdf_error.obj
d:\z_devtemp\unionplayer\build\_deps\libharu-build\src\hpdf.dir\release\hpdf_encryptdict.obj
d:\z_devtemp\unionplayer\build\_deps\libharu-build\src\hpdf.dir\release\hpdf_encrypt.obj
d:\z_devtemp\unionplayer\build\_deps\libharu-build\src\hpdf.dir\release\hpdf_encoder.obj
d:\z_devtemp\unionplayer\build\_deps\libharu-build\src\hpdf.dir\release\hpdf_encoder_utf.obj
d:\z_devtemp\unionplayer\build\_deps\libharu-build\src\hpdf.dir\release\hpdf_encoder_kr.obj
d:\z_devtemp\unionplayer\build\_deps\libharu-build\src\hpdf.dir\release\hpdf_encoder_jp.obj
d:\z_devtemp\unionplayer\build\_deps\libharu-build\src\hpdf.dir\release\hpdf_encoder_cnt.obj
d:\z_devtemp\unionplayer\build\_deps\libharu-build\src\hpdf.dir\release\hpdf_encoder_cns.obj
d:\z_devtemp\unionplayer\build\_deps\libharu-build\src\hpdf.dir\release\hpdf_doc.obj
d:\z_devtemp\unionplayer\build\_deps\libharu-build\src\hpdf.dir\release\hpdf_doc_png.obj
d:\z_devtemp\unionplayer\build\_deps\libharu-build\src\hpdf.dir\release\hpdf_direct.obj
d:\z_devtemp\unionplayer\build\_deps\libharu-build\src\hpdf.dir\release\hpdf_dict.obj
d:\z_devtemp\unionplayer\build\_deps\libharu-build\src\hpdf.dir\release\hpdf_destination.obj
d:\z_devtemp\unionplayer\build\_deps\libharu-build\src\hpdf.dir\release\hpdf_catalog.obj
d:\z_devtemp\unionplayer\build\_deps\libharu-build\src\hpdf.dir\release\hpdf_boolean.obj
d:\z_devtemp\unionplayer\build\_deps\libharu-build\src\hpdf.dir\release\hpdf_binary.obj
d:\z_devtemp\unionplayer\build\_deps\libharu-build\src\hpdf.dir\release\hpdf_array.obj
d:\z_devtemp\unionplayer\build\_deps\libharu-build\src\hpdf.dir\release\hpdf_annotation.obj
d:\z_devtemp\unionplayer\build\_deps\libharu-build\src\hpdf.dir\release\hpdf_mmgr.obj
d:\z_devtemp\unionplayer\build\_deps\libharu-build\src\hpdf.dir\release\hpdf_list.obj
d:\z_devtemp\unionplayer\build\_deps\libharu-build\src\hpdf.dir\release\hpdf_info.obj
d:\z_devtemp\unionplayer\build\_deps\libharu-build\src\hpdf.dir\release\hpdf_image.obj
d:\z_devtemp\unionplayer\build\_deps\libharu-build\src\hpdf.dir\release\hpdf_image_png.obj
d:\z_devtemp\unionplayer\build\_deps\libharu-build\src\hpdf.dir\release\hpdf_image_ccitt.obj
d:\z_devtemp\unionplayer\build\_deps\libharu-build\src\hpdf.dir\release\hpdf_gstate.obj
d:\z_devtemp\unionplayer\build\_deps\libharu-build\src\hpdf.dir\release\hpdf_fontdef.obj
d:\z_devtemp\unionplayer\build\_deps\libharu-build\src\hpdf.dir\release\hpdf_fontdef_type1.obj
d:\z_devtemp\unionplayer\build\_deps\libharu-build\src\hpdf.dir\release\hpdf_fontdef_tt.obj
d:\z_devtemp\unionplayer\build\_deps\libharu-build\src\hpdf.dir\release\hpdf_fontdef_kr.obj
d:\z_devtemp\unionplayer\build\_deps\libharu-build\src\hpdf.dir\release\hpdf_fontdef_jp.obj
d:\z_devtemp\unionplayer\build\_deps\libharu-build\src\hpdf.dir\release\hpdf_fontdef_cnt.obj
d:\z_devtemp\unionplayer\build\_deps\libharu-build\src\hpdf.dir\release\hpdf_fontdef_cns.obj
d:\z_devtemp\unionplayer\build\_deps\libharu-build\src\hpdf.dir\release\hpdf_fontdef_cid.obj
d:\z_devtemp\unionplayer\build\_deps\libharu-build\src\hpdf.dir\release\hpdf_fontdef_base14.obj
d:\z_devtemp\unionplayer\build\_deps\libharu-build\src\hpdf.dir\release\hpdf_font.obj
d:\z_devtemp\unionplayer\build\_deps\libharu-build\src\hpdf.dir\release\hpdf_font_type1.obj
d:\z_devtemp\unionplayer\build\_deps\libharu-build\src\hpdf.dir\release\hpdf_font_tt.obj
d:\z_devtemp\unionplayer\build\_deps\libharu-build\src\hpdf.dir\release\hpdf_font_cid.obj
d:\z_devtemp\unionplayer\build\_deps\libharu-build\src\hpdf.dir\release\hpdf_exdata.obj
d:\z_devtemp\unionplayer\build\_deps\libharu-build\src\hpdf.dir\release\hpdf_3dmeasure.obj
d:\z_devtemp\unionplayer\build\_deps\libharu-build\src\hpdf.dir\release\hpdf_pdfa.obj
d:\z_devtemp\unionplayer\build\_deps\libharu-build\src\hpdf.dir\release\hpdf_xref.obj
d:\z_devtemp\unionplayer\build\_deps\libharu-build\src\hpdf.dir\release\hpdf_utils.obj
d:\z_devtemp\unionplayer\build\_deps\libharu-build\src\hpdf.dir\release\hpdf_u3d.obj
d:\z_devtemp\unionplayer\build\_deps\libharu-build\src\hpdf.dir\release\hpdf_string.obj
d:\z_devtemp\unionplayer\build\_deps\libharu-build\src\hpdf.dir\release\hpdf_streams.obj
d:\z_devtemp\unionplayer\build\_deps\libharu-build\src\hpdf.dir\release\hpdf_shading.obj
d:\z_devtemp\unionplayer\build\_deps\libharu-build\src\hpdf.dir\release\hpdf_real.obj
d:\z_devtemp\unionplayer\build\_deps\libharu-build\src\hpdf.dir\release\hpdf_pages.obj
d:\z_devtemp\unionplayer\build\_deps\libharu-build\src\hpdf.dir\release\hpdf_page_operator.obj
d:\z_devtemp\unionplayer\build\_deps\libharu-build\src\hpdf.dir\release\hpdf_page_label.obj
d:\z_devtemp\unionplayer\build\_deps\libharu-build\src\hpdf.dir\release\hpdf_outline.obj
d:\z_devtemp\unionplayer\build\_deps\libharu-build\src\hpdf.dir\release\hpdf_objects.obj
d:\z_devtemp\unionplayer\build\_deps\libharu-build\src\hpdf.dir\release\hpdf_number.obj
d:\z_devtemp\unionplayer\build\_deps\libharu-build\src\hpdf.dir\release\hpdf_null.obj
d:\z_devtemp\unionplayer\build\_deps\libharu-build\src\hpdf.dir\release\hpdf_namedict.obj
d:\z_devtemp\unionplayer\build\_deps\libharu-build\src\hpdf.dir\release\hpdf_name.obj
d:\z_devtemp\unionplayer\build\_deps\libharu-build\src\cmakefiles\generate.stamp
d:\z_devtemp\unionplayer\build\_deps\libharu-build\src\release\hpdf.lib
d:\z_devtemp\unionplayer\build\_deps\libharu-build\src\hpdf.dir\release\hpdf.tlog\cl.command.1.tlog
d:\z_devtemp\unionplayer\build\_deps\libharu-build\src\hpdf.dir\release\hpdf.tlog\cl.items.tlog
d:\z_devtemp\unionplayer\build\_deps\libharu-build\src\hpdf.dir\release\hpdf.tlog\cl.read.1.tlog
d:\z_devtemp\unionplayer\build\_deps\libharu-build\src\hpdf.dir\release\hpdf.tlog\cl.write.1.tlog
d:\z_devtemp\unionplayer\build\_deps\libharu-build\src\hpdf.dir\release\hpdf.tlog\custombuild.command.1.tlog
d:\z_devtemp\unionplayer\build\_deps\libharu-build\src\hpdf.dir\release\hpdf.tlog\custombuild.read.1.tlog
d:\z_devtemp\unionplayer\build\_deps\libharu-build\src\hpdf.dir\release\hpdf.tlog\custombuild.write.1.tlog
d:\z_devtemp\unionplayer\build\_deps\libharu-build\src\hpdf.dir\release\hpdf.tlog\lib-link.read.1.tlog
d:\z_devtemp\unionplayer\build\_deps\libharu-build\src\hpdf.dir\release\hpdf.tlog\lib-link.write.1.tlog
d:\z_devtemp\unionplayer\build\_deps\libharu-build\src\hpdf.dir\release\hpdf.tlog\lib.command.1.tlog
